Using pre-set license
Built from '2020.3/release' branch; Version is '2020.3.1f1 (77a89f25062f) revision 7841951'; Using compiler version '192528614'; Build Type 'Release'
OS: 'Windows 10 Enterprise LTSC 2019; OS build 17763.1879; Version 1809; 64bit' Language: 'ru' Physical Memory: 6058 MB
BatchMode: 1, IsHumanControllingUs: 0, StartBugReporterOnCrash: 0, Is64bit: 1, IsPro: 0

 COMMAND LINE ARGUMENTS:
D:\UnityEditors\2020.3.1f1\Editor\Unity.exe
-adb2
-batchMode
-noUpm
-name
AssetImportWorker1
-projectPath
D:/Unity Projects/3D-Emulator
-logFile
Logs/AssetImportWorker1.log
-srvPort
59620
Successfully changed project path to: D:/Unity Projects/3D-Emulator
D:/Unity Projects/3D-Emulator
Using Asset Import Pipeline V2.
Refreshing native plugins compatible for Editor in 55.69 ms, found 0 plugins.
Preloading 0 native plugins for Editor in 0.00 ms.
Initialize engine version: 2020.3.1f1 (77a89f25062f)
[Subsystems] Discovering subsystems at path D:/UnityEditors/2020.3.1f1/Editor/Data/Resources/UnitySubsystems
[Subsystems] Discovering subsystems at path D:/Unity Projects/3D-Emulator/Assets
GfxDevice: creating device client; threaded=0
Direct3D:
    Version:  Direct3D 11.0 [level 11.0]
    Renderer: NVIDIA GeForce GT 540M (ID=0xdf4)
    Vendor:   
    VRAM:     1999 MB
    Driver:   21.21.13.7654
Initialize mono
Mono path[0] = 'D:/UnityEditors/2020.3.1f1/Editor/Data/Managed'
Mono path[1] = 'D:/UnityEditors/2020.3.1f1/Editor/Data/MonoBleedingEdge/lib/mono/unityjit'
Mono config path = 'D:/UnityEditors/2020.3.1f1/Editor/Data/MonoBleedingEdge/etc'
Using monoOptions --debugger-agent=transport=dt_socket,embedding=1,server=y,suspend=n,address=127.0.0.1:56732
Begin MonoManager ReloadAssembly
Registering precompiled unity dll's ...
Register platform support module: D:/UnityEditors/2020.3.1f1/Editor/Data/PlaybackEngines/WindowsStandaloneSupport/UnityEditor.WindowsStandalone.Extensions.dll
Registered in 0.001861 seconds.
Native extension for WindowsStandalone target not found
Refreshing native plugins compatible for Editor in 54.85 ms, found 0 plugins.
Preloading 0 native plugins for Editor in 0.00 ms.
Invoked RoslynAnalysisRunner static constructor.
RoslynAnalysisRunner will not be running.
RoslynAnalysisRunner has terminated.
Mono: successfully reloaded assembly
- Completed reload, in 11.858 seconds
Platform modules already initialized, skipping
Registering precompiled user dll's ...
Registered in 0.001111 seconds.
Begin MonoManager ReloadAssembly
Native extension for WindowsStandalone target not found
Refreshing native plugins compatible for Editor in 1.12 ms, found 0 plugins.
Preloading 0 native plugins for Editor in 0.00 ms.
Invoked RoslynAnalysisRunner static constructor.
RoslynAnalysisRunner will not be running.
RoslynAnalysisRunner has terminated.
Mono: successfully reloaded assembly
- Completed reload, in  4.870 seconds
Platform modules already initialized, skipping
========================================================================
Worker process is ready to serve import requests
Launched and connected shader compiler UnityShaderCompiler.exe after 0.51 seconds
Refreshing native plugins compatible for Editor in 0.58 ms, found 0 plugins.
Preloading 0 native plugins for Editor in 0.00 ms.
Unloading 1332 Unused Serialized files (Serialized files now loaded: 0)
System memory in use before: 66.1 MB.
System memory in use after: 66.1 MB.

Unloading 10 unused Assets to reduce memory usage. Loaded Objects now: 1781.
Total: 6.107600 ms (FindLiveObjects: 0.331000 ms CreateObjectMapping: 0.113900 ms MarkObjects: 5.445400 ms  DeleteObjects: 0.214100 ms)

========================================================================
Received Import Request.
  path: Assets/Scripts/UI/MainMenu/CreatingPanel.cs
  artifactKey: Guid(846be92dc1c1b184086be285acd487e9) Importer(815301076,1909f56bfc062723c751e8b465ee728b)
Start importing Assets/Scripts/UI/MainMenu/CreatingPanel.cs using Guid(846be92dc1c1b184086be285acd487e9) Importer(815301076,1909f56bfc062723c751e8b465ee728b)  -> (artifact id: 'eadf65e62ec0be82b5833a92a5b76faf') in 0.636547 seconds
  Import took 0.644118 seconds .

========================================================================
Received Prepare
Registering precompiled user dll's ...
Registered in 0.001020 seconds.
Begin MonoManager ReloadAssembly
Native extension for WindowsStandalone target not found
Refreshing native plugins compatible for Editor in 0.44 ms, found 0 plugins.
Preloading 0 native plugins for Editor in 0.00 ms.
Invoked RoslynAnalysisRunner static constructor.
RoslynAnalysisRunner will not be running.
RoslynAnalysisRunner has terminated.
Mono: successfully reloaded assembly
- Completed reload, in  1.724 seconds
Platform modules already initialized, skipping
Refreshing native plugins compatible for Editor in 0.45 ms, found 0 plugins.
Preloading 0 native plugins for Editor in 0.00 ms.
Unloading 1312 Unused Serialized files (Serialized files now loaded: 0)
System memory in use before: 64.9 MB.
System memory in use after: 65.0 MB.

Unloading 5 unused Assets to reduce memory usage. Loaded Objects now: 1785.
Total: 2.523900 ms (FindLiveObjects: 0.189800 ms CreateObjectMapping: 0.075900 ms MarkObjects: 2.230200 ms  DeleteObjects: 0.026000 ms)

========================================================================
Received Prepare
Registering precompiled user dll's ...
Registered in 0.001126 seconds.
Begin MonoManager ReloadAssembly
Native extension for WindowsStandalone target not found
Refreshing native plugins compatible for Editor in 0.44 ms, found 0 plugins.
Preloading 0 native plugins for Editor in 0.00 ms.
Invoked RoslynAnalysisRunner static constructor.
RoslynAnalysisRunner will not be running.
RoslynAnalysisRunner has terminated.
Mono: successfully reloaded assembly
- Completed reload, in  1.760 seconds
Platform modules already initialized, skipping
Refreshing native plugins compatible for Editor in 0.43 ms, found 0 plugins.
Preloading 0 native plugins for Editor in 0.00 ms.
Unloading 1311 Unused Serialized files (Serialized files now loaded: 0)
System memory in use before: 64.9 MB.
System memory in use after: 65.0 MB.

Unloading 5 unused Assets to reduce memory usage. Loaded Objects now: 1788.
Total: 3.542500 ms (FindLiveObjects: 0.198600 ms CreateObjectMapping: 0.076600 ms MarkObjects: 3.237600 ms  DeleteObjects: 0.027300 ms)

========================================================================
Received Import Request.
  Time since last request: 231.611393 seconds.
  path: Assets/Scripts/UI/MainMenu/CreatingPanel.cs
  artifactKey: Guid(846be92dc1c1b184086be285acd487e9) Importer(815301076,1909f56bfc062723c751e8b465ee728b)
Start importing Assets/Scripts/UI/MainMenu/CreatingPanel.cs using Guid(846be92dc1c1b184086be285acd487e9) Importer(815301076,1909f56bfc062723c751e8b465ee728b)  -> (artifact id: '46d2310627f7f7344725f3ec53121768') in 0.013090 seconds
  Import took 0.017057 seconds .

========================================================================
Received Prepare
Registering precompiled user dll's ...
Registered in 0.001156 seconds.
Begin MonoManager ReloadAssembly
Native extension for WindowsStandalone target not found
Refreshing native plugins compatible for Editor in 0.47 ms, found 0 plugins.
Preloading 0 native plugins for Editor in 0.00 ms.
Invoked RoslynAnalysisRunner static constructor.
RoslynAnalysisRunner will not be running.
RoslynAnalysisRunner has terminated.
Mono: successfully reloaded assembly
- Completed reload, in  1.886 seconds
Platform modules already initialized, skipping
Refreshing native plugins compatible for Editor in 0.44 ms, found 0 plugins.
Preloading 0 native plugins for Editor in 0.00 ms.
Unloading 1311 Unused Serialized files (Serialized files now loaded: 0)
System memory in use before: 64.9 MB.
System memory in use after: 65.0 MB.

Unloading 5 unused Assets to reduce memory usage. Loaded Objects now: 1791.
Total: 4.065600 ms (FindLiveObjects: 0.467000 ms CreateObjectMapping: 0.135200 ms MarkObjects: 3.429600 ms  DeleteObjects: 0.030900 ms)

========================================================================
Received Prepare
Registering precompiled user dll's ...
Registered in 0.002419 seconds.
Begin MonoManager ReloadAssembly
Native extension for WindowsStandalone target not found
Refreshing native plugins compatible for Editor in 0.44 ms, found 0 plugins.
Preloading 0 native plugins for Editor in 0.00 ms.
Invoked RoslynAnalysisRunner static constructor.
RoslynAnalysisRunner will not be running.
RoslynAnalysisRunner has terminated.
Mono: successfully reloaded assembly
- Completed reload, in  1.857 seconds
Platform modules already initialized, skipping
Refreshing native plugins compatible for Editor in 0.48 ms, found 0 plugins.
Preloading 0 native plugins for Editor in 0.00 ms.
Unloading 1311 Unused Serialized files (Serialized files now loaded: 0)
System memory in use before: 64.9 MB.
System memory in use after: 65.0 MB.

Unloading 5 unused Assets to reduce memory usage. Loaded Objects now: 1794.
Total: 3.502300 ms (FindLiveObjects: 0.327700 ms CreateObjectMapping: 0.100400 ms MarkObjects: 3.033900 ms  DeleteObjects: 0.037800 ms)

========================================================================
Received Prepare
Registering precompiled user dll's ...
Registered in 0.001072 seconds.
Begin MonoManager ReloadAssembly
Native extension for WindowsStandalone target not found
Refreshing native plugins compatible for Editor in 0.58 ms, found 0 plugins.
Preloading 0 native plugins for Editor in 0.00 ms.
Invoked RoslynAnalysisRunner static constructor.
RoslynAnalysisRunner will not be running.
RoslynAnalysisRunner has terminated.
Mono: successfully reloaded assembly
- Completed reload, in  1.829 seconds
Platform modules already initialized, skipping
Refreshing native plugins compatible for Editor in 0.49 ms, found 0 plugins.
Preloading 0 native plugins for Editor in 0.00 ms.
Unloading 1311 Unused Serialized files (Serialized files now loaded: 0)
System memory in use before: 64.9 MB.
System memory in use after: 65.0 MB.

Unloading 5 unused Assets to reduce memory usage. Loaded Objects now: 1797.
Total: 2.916700 ms (FindLiveObjects: 0.203800 ms CreateObjectMapping: 0.076300 ms MarkObjects: 2.606500 ms  DeleteObjects: 0.028100 ms)

========================================================================
Received Prepare
Registering precompiled user dll's ...
Registered in 0.001063 seconds.
Begin MonoManager ReloadAssembly
Native extension for WindowsStandalone target not found
Refreshing native plugins compatible for Editor in 0.44 ms, found 0 plugins.
Preloading 0 native plugins for Editor in 0.00 ms.
Invoked RoslynAnalysisRunner static constructor.
RoslynAnalysisRunner will not be running.
RoslynAnalysisRunner has terminated.
Mono: successfully reloaded assembly
- Completed reload, in  1.524 seconds
Platform modules already initialized, skipping
Refreshing native plugins compatible for Editor in 0.48 ms, found 0 plugins.
Preloading 0 native plugins for Editor in 0.00 ms.
Unloading 1311 Unused Serialized files (Serialized files now loaded: 0)
System memory in use before: 64.9 MB.
System memory in use after: 65.0 MB.

Unloading 5 unused Assets to reduce memory usage. Loaded Objects now: 1800.
Total: 3.074600 ms (FindLiveObjects: 0.208100 ms CreateObjectMapping: 0.074900 ms MarkObjects: 2.759400 ms  DeleteObjects: 0.028600 ms)

========================================================================
Received Prepare
Registering precompiled user dll's ...
Registered in 0.001069 seconds.
Begin MonoManager ReloadAssembly
Native extension for WindowsStandalone target not found
Refreshing native plugins compatible for Editor in 0.47 ms, found 0 plugins.
Preloading 0 native plugins for Editor in 0.00 ms.
Invoked RoslynAnalysisRunner static constructor.
RoslynAnalysisRunner will not be running.
RoslynAnalysisRunner has terminated.
Mono: successfully reloaded assembly
- Completed reload, in  1.824 seconds
Platform modules already initialized, skipping
Refreshing native plugins compatible for Editor in 0.48 ms, found 0 plugins.
Preloading 0 native plugins for Editor in 0.00 ms.
Unloading 1311 Unused Serialized files (Serialized files now loaded: 0)
System memory in use before: 64.9 MB.
System memory in use after: 65.0 MB.

Unloading 5 unused Assets to reduce memory usage. Loaded Objects now: 1803.
Total: 2.892600 ms (FindLiveObjects: 0.197000 ms CreateObjectMapping: 0.075000 ms MarkObjects: 2.588200 ms  DeleteObjects: 0.029800 ms)

========================================================================
Received Prepare
Registering precompiled user dll's ...
Registered in 0.001301 seconds.
Begin MonoManager ReloadAssembly
Native extension for WindowsStandalone target not found
Refreshing native plugins compatible for Editor in 0.59 ms, found 0 plugins.
Preloading 0 native plugins for Editor in 0.00 ms.
Invoked RoslynAnalysisRunner static constructor.
RoslynAnalysisRunner will not be running.
RoslynAnalysisRunner has terminated.
Mono: successfully reloaded assembly
- Completed reload, in  1.869 seconds
Platform modules already initialized, skipping
Refreshing native plugins compatible for Editor in 0.42 ms, found 0 plugins.
Preloading 0 native plugins for Editor in 0.00 ms.
Unloading 1311 Unused Serialized files (Serialized files now loaded: 0)
System memory in use before: 64.9 MB.
System memory in use after: 65.0 MB.

Unloading 5 unused Assets to reduce memory usage. Loaded Objects now: 1806.
Total: 3.484600 ms (FindLiveObjects: 0.334200 ms CreateObjectMapping: 0.075800 ms MarkObjects: 3.041100 ms  DeleteObjects: 0.030900 ms)

========================================================================
Received Prepare
Registering precompiled user dll's ...
Registered in 0.002981 seconds.
Begin MonoManager ReloadAssembly
Native extension for WindowsStandalone target not found
Refreshing native plugins compatible for Editor in 0.59 ms, found 0 plugins.
Preloading 0 native plugins for Editor in 0.00 ms.
Invoked RoslynAnalysisRunner static constructor.
RoslynAnalysisRunner will not be running.
RoslynAnalysisRunner has terminated.
Mono: successfully reloaded assembly
- Completed reload, in  1.757 seconds
Platform modules already initialized, skipping
Refreshing native plugins compatible for Editor in 0.48 ms, found 0 plugins.
Preloading 0 native plugins for Editor in 0.00 ms.
Unloading 1311 Unused Serialized files (Serialized files now loaded: 0)
System memory in use before: 64.9 MB.
System memory in use after: 65.0 MB.

Unloading 5 unused Assets to reduce memory usage. Loaded Objects now: 1809.
Total: 3.039200 ms (FindLiveObjects: 0.204900 ms CreateObjectMapping: 0.078300 ms MarkObjects: 2.725200 ms  DeleteObjects: 0.028600 ms)

========================================================================
Received Prepare
Registering precompiled user dll's ...
Registered in 0.001140 seconds.
Begin MonoManager ReloadAssembly
Native extension for WindowsStandalone target not found
Refreshing native plugins compatible for Editor in 0.44 ms, found 0 plugins.
Preloading 0 native plugins for Editor in 0.00 ms.
Invoked RoslynAnalysisRunner static constructor.
RoslynAnalysisRunner will not be running.
RoslynAnalysisRunner has terminated.
Mono: successfully reloaded assembly
- Completed reload, in  1.869 seconds
Platform modules already initialized, skipping
Refreshing native plugins compatible for Editor in 0.46 ms, found 0 plugins.
Preloading 0 native plugins for Editor in 0.00 ms.
Unloading 1311 Unused Serialized files (Serialized files now loaded: 0)
System memory in use before: 64.9 MB.
System memory in use after: 65.0 MB.

Unloading 5 unused Assets to reduce memory usage. Loaded Objects now: 1812.
Total: 3.749000 ms (FindLiveObjects: 0.194400 ms CreateObjectMapping: 0.074100 ms MarkObjects: 3.453300 ms  DeleteObjects: 0.025200 ms)

========================================================================
Received Prepare
Registering precompiled user dll's ...
Registered in 0.001172 seconds.
Begin MonoManager ReloadAssembly
Native extension for WindowsStandalone target not found
Refreshing native plugins compatible for Editor in 0.58 ms, found 0 plugins.
Preloading 0 native plugins for Editor in 0.00 ms.
Invoked RoslynAnalysisRunner static constructor.
RoslynAnalysisRunner will not be running.
RoslynAnalysisRunner has terminated.
Mono: successfully reloaded assembly
- Completed reload, in  1.849 seconds
Platform modules already initialized, skipping
Refreshing native plugins compatible for Editor in 0.46 ms, found 0 plugins.
Preloading 0 native plugins for Editor in 0.00 ms.
Unloading 1311 Unused Serialized files (Serialized files now loaded: 0)
System memory in use before: 64.9 MB.
System memory in use after: 65.0 MB.

Unloading 5 unused Assets to reduce memory usage. Loaded Objects now: 1815.
Total: 4.590700 ms (FindLiveObjects: 0.390300 ms CreateObjectMapping: 0.108600 ms MarkObjects: 4.057600 ms  DeleteObjects: 0.030800 ms)

========================================================================
Received Prepare
Registering precompiled user dll's ...
Registered in 0.001102 seconds.
Begin MonoManager ReloadAssembly
Native extension for WindowsStandalone target not found
Refreshing native plugins compatible for Editor in 0.45 ms, found 0 plugins.
Preloading 0 native plugins for Editor in 0.00 ms.
Invoked RoslynAnalysisRunner static constructor.
RoslynAnalysisRunner will not be running.
RoslynAnalysisRunner has terminated.
Mono: successfully reloaded assembly
- Completed reload, in  1.773 seconds
Platform modules already initialized, skipping
Refreshing native plugins compatible for Editor in 0.43 ms, found 0 plugins.
Preloading 0 native plugins for Editor in 0.00 ms.
Unloading 1311 Unused Serialized files (Serialized files now loaded: 0)
System memory in use before: 64.9 MB.
System memory in use after: 65.0 MB.

Unloading 5 unused Assets to reduce memory usage. Loaded Objects now: 1818.
Total: 3.368500 ms (FindLiveObjects: 0.196800 ms CreateObjectMapping: 0.077900 ms MarkObjects: 3.059300 ms  DeleteObjects: 0.031500 ms)

========================================================================
Received Prepare
Registering precompiled user dll's ...
Registered in 0.001119 seconds.
Begin MonoManager ReloadAssembly
Native extension for WindowsStandalone target not found
Refreshing native plugins compatible for Editor in 0.43 ms, found 0 plugins.
Preloading 0 native plugins for Editor in 0.00 ms.
Invoked RoslynAnalysisRunner static constructor.
RoslynAnalysisRunner will not be running.
RoslynAnalysisRunner has terminated.
Mono: successfully reloaded assembly
- Completed reload, in  1.632 seconds
Platform modules already initialized, skipping
Refreshing native plugins compatible for Editor in 0.45 ms, found 0 plugins.
Preloading 0 native plugins for Editor in 0.00 ms.
Unloading 1311 Unused Serialized files (Serialized files now loaded: 0)
System memory in use before: 64.9 MB.
System memory in use after: 65.0 MB.

Unloading 5 unused Assets to reduce memory usage. Loaded Objects now: 1821.
Total: 2.892800 ms (FindLiveObjects: 0.194700 ms CreateObjectMapping: 0.076400 ms MarkObjects: 2.593000 ms  DeleteObjects: 0.026500 ms)

========================================================================
Received Prepare
Registering precompiled user dll's ...
Registered in 0.001079 seconds.
Begin MonoManager ReloadAssembly
Native extension for WindowsStandalone target not found
Refreshing native plugins compatible for Editor in 0.48 ms, found 0 plugins.
Preloading 0 native plugins for Editor in 0.00 ms.
Invoked RoslynAnalysisRunner static constructor.
RoslynAnalysisRunner will not be running.
RoslynAnalysisRunner has terminated.
Mono: successfully reloaded assembly
- Completed reload, in  1.821 seconds
Platform modules already initialized, skipping
Refreshing native plugins compatible for Editor in 0.47 ms, found 0 plugins.
Preloading 0 native plugins for Editor in 0.00 ms.
Unloading 1311 Unused Serialized files (Serialized files now loaded: 0)
System memory in use before: 64.9 MB.
System memory in use after: 65.1 MB.

Unloading 5 unused Assets to reduce memory usage. Loaded Objects now: 1824.
Total: 2.853400 ms (FindLiveObjects: 0.291200 ms CreateObjectMapping: 0.076700 ms MarkObjects: 2.454000 ms  DeleteObjects: 0.029500 ms)

========================================================================
Received Import Request.
  Time since last request: 1027.647798 seconds.
  path: Assets/Prefabs/SceneInfoContainer.prefab
  artifactKey: Guid(9c4ded78b47f5534b83efe3a2fa80b98) Importer(815301076,1909f56bfc062723c751e8b465ee728b)
Start importing Assets/Prefabs/SceneInfoContainer.prefab using Guid(9c4ded78b47f5534b83efe3a2fa80b98) Importer(815301076,1909f56bfc062723c751e8b465ee728b)  -> (artifact id: 'f5566ff34330ceda0faee18c36972ddb') in 0.271009 seconds
  Import took 0.276459 seconds .

========================================================================
Received Import Request.
  Time since last request: 1.978127 seconds.
  path: Assets/Prefabs/SceneInfoContainer.prefab
  artifactKey: Guid(9c4ded78b47f5534b83efe3a2fa80b98) Importer(815301076,1909f56bfc062723c751e8b465ee728b)
Start importing Assets/Prefabs/SceneInfoContainer.prefab using Guid(9c4ded78b47f5534b83efe3a2fa80b98) Importer(815301076,1909f56bfc062723c751e8b465ee728b)  -> (artifact id: '004862dbe1e7e69e08983db154c220e4') in 0.067105 seconds
  Import took 0.084149 seconds .

========================================================================
Received Import Request.
  Time since last request: 4.590444 seconds.
  path: Assets/Prefabs/SceneInfoContainer.prefab
  artifactKey: Guid(9c4ded78b47f5534b83efe3a2fa80b98) Importer(815301076,1909f56bfc062723c751e8b465ee728b)
Start importing Assets/Prefabs/SceneInfoContainer.prefab using Guid(9c4ded78b47f5534b83efe3a2fa80b98) Importer(815301076,1909f56bfc062723c751e8b465ee728b)  -> (artifact id: 'b7a8271315815b5cae1eb801fbc5d353') in 0.063964 seconds
  Import took 0.087869 seconds .

========================================================================
Received Prepare
Registering precompiled user dll's ...
Registered in 0.001058 seconds.
Begin MonoManager ReloadAssembly
Native extension for WindowsStandalone target not found
Refreshing native plugins compatible for Editor in 0.43 ms, found 0 plugins.
Preloading 0 native plugins for Editor in 0.00 ms.
Invoked RoslynAnalysisRunner static constructor.
RoslynAnalysisRunner will not be running.
RoslynAnalysisRunner has terminated.
Mono: successfully reloaded assembly
- Completed reload, in  1.657 seconds
Platform modules already initialized, skipping
Refreshing native plugins compatible for Editor in 0.47 ms, found 0 plugins.
Preloading 0 native plugins for Editor in 0.00 ms.
Unloading 1311 Unused Serialized files (Serialized files now loaded: 0)
System memory in use before: 65.0 MB.
System memory in use after: 65.1 MB.

Unloading 8 unused Assets to reduce memory usage. Loaded Objects now: 1827.
Total: 4.339400 ms (FindLiveObjects: 0.522200 ms CreateObjectMapping: 0.197800 ms MarkObjects: 3.552300 ms  DeleteObjects: 0.063800 ms)

========================================================================
Received Prepare
Registering precompiled user dll's ...
Registered in 0.001418 seconds.
Begin MonoManager ReloadAssembly
Native extension for WindowsStandalone target not found
Refreshing native plugins compatible for Editor in 0.60 ms, found 0 plugins.
Preloading 0 native plugins for Editor in 0.00 ms.
Invoked RoslynAnalysisRunner static constructor.
RoslynAnalysisRunner will not be running.
RoslynAnalysisRunner has terminated.
Mono: successfully reloaded assembly
- Completed reload, in  1.822 seconds
Platform modules already initialized, skipping
Refreshing native plugins compatible for Editor in 0.48 ms, found 0 plugins.
Preloading 0 native plugins for Editor in 0.00 ms.
Unloading 1311 Unused Serialized files (Serialized files now loaded: 0)
System memory in use before: 65.0 MB.
System memory in use after: 65.1 MB.

Unloading 5 unused Assets to reduce memory usage. Loaded Objects now: 1830.
Total: 4.576300 ms (FindLiveObjects: 0.560700 ms CreateObjectMapping: 0.173200 ms MarkObjects: 3.807700 ms  DeleteObjects: 0.032100 ms)

========================================================================
Received Prepare
Registering precompiled user dll's ...
Registered in 0.001120 seconds.
Begin MonoManager ReloadAssembly
Native extension for WindowsStandalone target not found
Refreshing native plugins compatible for Editor in 0.46 ms, found 0 plugins.
Preloading 0 native plugins for Editor in 0.00 ms.
Invoked RoslynAnalysisRunner static constructor.
RoslynAnalysisRunner will not be running.
RoslynAnalysisRunner has terminated.
Mono: successfully reloaded assembly
- Completed reload, in  1.698 seconds
Platform modules already initialized, skipping
Refreshing native plugins compatible for Editor in 0.47 ms, found 0 plugins.
Preloading 0 native plugins for Editor in 0.00 ms.
Unloading 1311 Unused Serialized files (Serialized files now loaded: 0)
System memory in use before: 65.0 MB.
System memory in use after: 65.1 MB.

Unloading 5 unused Assets to reduce memory usage. Loaded Objects now: 1833.
Total: 4.167900 ms (FindLiveObjects: 0.340500 ms CreateObjectMapping: 0.104600 ms MarkObjects: 3.690600 ms  DeleteObjects: 0.029700 ms)

========================================================================
Received Import Request.
  Time since last request: 204.547821 seconds.
  path: Assets/Prefabs/SceneInfoContainer.prefab
  artifactKey: Guid(9c4ded78b47f5534b83efe3a2fa80b98) Importer(815301076,1909f56bfc062723c751e8b465ee728b)
Start importing Assets/Prefabs/SceneInfoContainer.prefab using Guid(9c4ded78b47f5534b83efe3a2fa80b98) Importer(815301076,1909f56bfc062723c751e8b465ee728b)  -> (artifact id: '77e212fffdaaa40d833b4b5e8a8461b3') in 0.193226 seconds
  Import took 0.198973 seconds .

========================================================================
Received Import Request.
  Time since last request: 2.445433 seconds.
  path: Assets/Prefabs/SceneInfoContainer.prefab
  artifactKey: Guid(9c4ded78b47f5534b83efe3a2fa80b98) Importer(815301076,1909f56bfc062723c751e8b465ee728b)
Start importing Assets/Prefabs/SceneInfoContainer.prefab using Guid(9c4ded78b47f5534b83efe3a2fa80b98) Importer(815301076,1909f56bfc062723c751e8b465ee728b)  -> (artifact id: 'f62a324712c7d95e44a1dd57980fb0f4') in 0.057294 seconds
  Import took 0.062938 seconds .

========================================================================
Received Import Request.
  Time since last request: 7.319195 seconds.
  path: Assets/Prefabs/SceneInfoContainer.prefab
  artifactKey: Guid(9c4ded78b47f5534b83efe3a2fa80b98) Importer(815301076,1909f56bfc062723c751e8b465ee728b)
Start importing Assets/Prefabs/SceneInfoContainer.prefab using Guid(9c4ded78b47f5534b83efe3a2fa80b98) Importer(815301076,1909f56bfc062723c751e8b465ee728b)  -> (artifact id: 'e90f793ea01c704fb1d22d1f2f81a41d') in 0.065332 seconds
  Import took 0.105961 seconds .

========================================================================
Received Import Request.
  Time since last request: 89.051062 seconds.
  path: Assets/Scenes/MainMenu.unity
  artifactKey: Guid(44f79ae29a2f80040a81c232d9d199e3) Importer(815301076,1909f56bfc062723c751e8b465ee728b)
Start importing Assets/Scenes/MainMenu.unity using Guid(44f79ae29a2f80040a81c232d9d199e3) Importer(815301076,1909f56bfc062723c751e8b465ee728b)  -> (artifact id: 'c2907d065b9af492e1dd6fd3e06bec93') in 0.020744 seconds
  Import took 0.025356 seconds .

========================================================================
Received Prepare
Registering precompiled user dll's ...
Registered in 0.001022 seconds.
Begin MonoManager ReloadAssembly
Native extension for WindowsStandalone target not found
Refreshing native plugins compatible for Editor in 0.43 ms, found 0 plugins.
Preloading 0 native plugins for Editor in 0.00 ms.
Invoked RoslynAnalysisRunner static constructor.
RoslynAnalysisRunner will not be running.
RoslynAnalysisRunner has terminated.
Mono: successfully reloaded assembly
- Completed reload, in  2.025 seconds
Platform modules already initialized, skipping
Refreshing native plugins compatible for Editor in 0.56 ms, found 0 plugins.
Preloading 0 native plugins for Editor in 0.00 ms.
Unloading 1311 Unused Serialized files (Serialized files now loaded: 0)
System memory in use before: 65.0 MB.
System memory in use after: 65.1 MB.

Unloading 8 unused Assets to reduce memory usage. Loaded Objects now: 1836.
Total: 3.425900 ms (FindLiveObjects: 0.322800 ms CreateObjectMapping: 0.094800 ms MarkObjects: 2.957900 ms  DeleteObjects: 0.047900 ms)

========================================================================
Received Prepare
Registering precompiled user dll's ...
Registered in 0.001073 seconds.
Begin MonoManager ReloadAssembly
Native extension for WindowsStandalone target not found
Refreshing native plugins compatible for Editor in 0.48 ms, found 0 plugins.
Preloading 0 native plugins for Editor in 0.00 ms.
Invoked RoslynAnalysisRunner static constructor.
RoslynAnalysisRunner will not be running.
RoslynAnalysisRunner has terminated.
Mono: successfully reloaded assembly
- Completed reload, in  1.715 seconds
Platform modules already initialized, skipping
Refreshing native plugins compatible for Editor in 0.46 ms, found 0 plugins.
Preloading 0 native plugins for Editor in 0.00 ms.
Unloading 1311 Unused Serialized files (Serialized files now loaded: 0)
System memory in use before: 65.0 MB.
System memory in use after: 65.1 MB.

Unloading 5 unused Assets to reduce memory usage. Loaded Objects now: 1839.
Total: 3.129200 ms (FindLiveObjects: 0.193600 ms CreateObjectMapping: 0.076200 ms MarkObjects: 2.828700 ms  DeleteObjects: 0.028400 ms)

========================================================================
Received Import Request.
  Time since last request: 310.421742 seconds.
  path: Assets/TextMesh Pro/Fonts/LiberationSans.ttf
  artifactKey: Guid(e3265ab4bf004d28a9537516768c1c75) Importer(815301076,1909f56bfc062723c751e8b465ee728b)
Start importing Assets/TextMesh Pro/Fonts/LiberationSans.ttf using Guid(e3265ab4bf004d28a9537516768c1c75) Importer(815301076,1909f56bfc062723c751e8b465ee728b)  -> (artifact id: '3487275bb44bf150933fd66a5eba6bce') in 0.784980 seconds
  Import took 0.791247 seconds .

========================================================================
Received Prepare
Registering precompiled user dll's ...
Registered in 0.001397 seconds.
Begin MonoManager ReloadAssembly
Native extension for WindowsStandalone target not found
Refreshing native plugins compatible for Editor in 0.57 ms, found 0 plugins.
Preloading 0 native plugins for Editor in 0.00 ms.
Invoked RoslynAnalysisRunner static constructor.
RoslynAnalysisRunner will not be running.
RoslynAnalysisRunner has terminated.
Mono: successfully reloaded assembly
- Completed reload, in  1.864 seconds
Platform modules already initialized, skipping
Refreshing native plugins compatible for Editor in 0.47 ms, found 0 plugins.
Preloading 0 native plugins for Editor in 0.00 ms.
Unloading 1311 Unused Serialized files (Serialized files now loaded: 0)
System memory in use before: 68.5 MB.
System memory in use after: 68.6 MB.

Unloading 5 unused Assets to reduce memory usage. Loaded Objects now: 1886.
Total: 3.796300 ms (FindLiveObjects: 0.525500 ms CreateObjectMapping: 0.177900 ms MarkObjects: 3.053800 ms  DeleteObjects: 0.036600 ms)

========================================================================
Received Prepare
Registering precompiled user dll's ...
Registered in 0.001087 seconds.
Begin MonoManager ReloadAssembly
Native extension for WindowsStandalone target not found
Refreshing native plugins compatible for Editor in 0.43 ms, found 0 plugins.
Preloading 0 native plugins for Editor in 0.00 ms.
Invoked RoslynAnalysisRunner static constructor.
RoslynAnalysisRunner will not be running.
RoslynAnalysisRunner has terminated.
Mono: successfully reloaded assembly
- Completed reload, in  1.570 seconds
Platform modules already initialized, skipping
Refreshing native plugins compatible for Editor in 0.45 ms, found 0 plugins.
Preloading 0 native plugins for Editor in 0.00 ms.
Unloading 1311 Unused Serialized files (Serialized files now loaded: 0)
System memory in use before: 68.5 MB.
System memory in use after: 68.6 MB.

Unloading 5 unused Assets to reduce memory usage. Loaded Objects now: 1889.
Total: 2.907800 ms (FindLiveObjects: 0.220300 ms CreateObjectMapping: 0.076800 ms MarkObjects: 2.577600 ms  DeleteObjects: 0.030200 ms)

========================================================================
Received Import Request.
  Time since last request: 254.420661 seconds.
  path: Assets/Materials/RemoteTerminal/New Prefab.prefab
  artifactKey: Guid(5d447977c633c92449a10dfef7876210) Importer(815301076,1909f56bfc062723c751e8b465ee728b)
Start importing Assets/Materials/RemoteTerminal/New Prefab.prefab using Guid(5d447977c633c92449a10dfef7876210) Importer(815301076,1909f56bfc062723c751e8b465ee728b)  -> (artifact id: '00000000000000000000000000000000') in 0.046499 seconds
  ERROR: Build asset version error: assets/materials/remoteterminal/new prefab.prefab in SourceAssetDB has modification time of '2021-05-08T13:32:11.1775365Z' while content on disk has modification time of '0001-01-01T00:00:00Z'
  Import took 0.050385 seconds .

========================================================================
Received Import Request.
  Time since last request: 15.826547 seconds.
  path: Assets/Materials/RemoteTerminal/RemoteMain.mat
  artifactKey: Guid(3e58a836487685a43b158a66621555c6) Importer(815301076,1909f56bfc062723c751e8b465ee728b)
Start importing Assets/Materials/RemoteTerminal/RemoteMain.mat using Guid(3e58a836487685a43b158a66621555c6) Importer(815301076,1909f56bfc062723c751e8b465ee728b)  -> (artifact id: '52b0a9cb12a4825c6867dcb337f9ccde') in 0.140382 seconds
  Import took 0.159924 seconds .

========================================================================
Received Import Request.
  Time since last request: 24.582948 seconds.
  path: Assets/Prefabs/RemoteTerminal/RemoteTerminal.prefab
  artifactKey: Guid(85e516a673ed6114986ada2e838c6b66) Importer(815301076,1909f56bfc062723c751e8b465ee728b)
Start importing Assets/Prefabs/RemoteTerminal/RemoteTerminal.prefab using Guid(85e516a673ed6114986ada2e838c6b66) Importer(815301076,1909f56bfc062723c751e8b465ee728b)  -> (artifact id: '07b13358882647b72872e81a83870772') in 0.273029 seconds
  Import took 0.285422 seconds .

========================================================================
Received Prepare
Registering precompiled user dll's ...
Registered in 0.001132 seconds.
Begin MonoManager ReloadAssembly
Native extension for WindowsStandalone target not found
Refreshing native plugins compatible for Editor in 0.45 ms, found 0 plugins.
Preloading 0 native plugins for Editor in 0.00 ms.
Invoked RoslynAnalysisRunner static constructor.
RoslynAnalysisRunner will not be running.
RoslynAnalysisRunner has terminated.
Mono: successfully reloaded assembly
- Completed reload, in  1.720 seconds
Platform modules already initialized, skipping
Refreshing native plugins compatible for Editor in 0.44 ms, found 0 plugins.
Preloading 0 native plugins for Editor in 0.00 ms.
Unloading 1311 Unused Serialized files (Serialized files now loaded: 0)
System memory in use before: 68.6 MB.
System memory in use after: 68.7 MB.

Unloading 5 unused Assets to reduce memory usage. Loaded Objects now: 1894.
Total: 3.095400 ms (FindLiveObjects: 0.372200 ms CreateObjectMapping: 0.105100 ms MarkObjects: 2.589400 ms  DeleteObjects: 0.026200 ms)

========================================================================
Received Import Request.
  Time since last request: 60.041205 seconds.
  path: Assets/Scenes/Field.unity
  artifactKey: Guid(9fc0d4010bbf28b4594072e72b8655ab) Importer(815301076,1909f56bfc062723c751e8b465ee728b)
Start importing Assets/Scenes/Field.unity using Guid(9fc0d4010bbf28b4594072e72b8655ab) Importer(815301076,1909f56bfc062723c751e8b465ee728b)  -> (artifact id: '4e857c08f7e5dce72506ab07fa3a9eef') in 0.042252 seconds
  Import took 0.048680 seconds .

